<?xml version="1.0" encoding="UTF-8"?>
<testng-results skipped="0" failed="0" ignored="0" total="6" passed="6">
  <reporter-output>
    <line>
      <![CDATA[<div style="display:block;margin-left:10px;"><div  class="teststeppass"><span class="teststeppass-label">T </span>Given get '/'</div><div  class="teststeppass"><span class="teststeppass-label">T </span>When navigate to recipe page</div><div style="display:block;margin-left:10px;"><div  class="teststeppass"><span class="teststeppass-label">T </span>click on 'recipeLink.click'</div></div><div  class="teststeppass"><span class="teststeppass-label">T </span>Then verify text is RECIPES</div><div style="display:block;margin-left:10px;"><div  class="pass"><span class="pass-label">P </span>Expected Recipe text should be RECIPES : Actual Recipe text is RECIPES <a href="../img/VerifyTestFoodReceipeTitle_xhmx9uszpsnw58298.png" target="_blank">[View Screenshot]</a> </div></div></div>]]>
    </line>
    <line>
      <![CDATA[<div style="display:block;margin-left:10px;"><div  class="teststeppass"><span class="teststeppass-label">T </span>Given get '/'</div><div  class="teststeppass"><span class="teststeppass-label">T </span>When navigate to search page</div><div style="display:block;margin-left:10px;"><div  class="teststeppass"><span class="teststeppass-label">T </span>click on 'recipe.search'</div><div  class="teststeppass"><span class="teststeppass-label">T </span>wait until 'recipetype.search' to be visible</div></div><div  class="teststeppass"><span class="teststeppass-label">T </span>Then search recipe 'breakfast pizza'</div><div style="display:block;margin-left:10px;"><div  class="teststeppass"><span class="teststeppass-label">T </span>click on 'recipetype.search'</div><div  class="teststeppass"><span class="teststeppass-label">T </span>sendKeys 'breakfast pizza' into 'recipetype.search'</div></div><div  class="teststeppass"><span class="teststeppass-label">T </span>Then select a recipe</div><div style="display:block;margin-left:10px;"><div  class="teststeppass"><span class="teststeppass-label">T </span>click on 'pizzaRecipeImg.click'</div></div><div  class="teststeppass"><span class="teststeppass-label">T </span>Then save a recipe</div><div style="display:block;margin-left:10px;"><div  class="teststeppass"><span class="teststeppass-label">T </span>click on 'saveReceipeBtn.click'</div></div><div  class="teststeppass"><span class="teststeppass-label">T </span>Then verify login message for unregistered user while save/review</div><div style="display:block;margin-left:10px;"><div  class="teststeppass"><span class="teststeppass-label">T </span>assert 'saveMessageText.verify' is visible</div><div style="display:block;margin-left:10px;"><div  class="pass"><span class="pass-label">P </span>Expected Save message for guest visible : Actual Save message for guest visible <a href="../img/VerifySaveRecipeActionForGuestUser_oklxex46zdlt58299.png" target="_blank">[View Screenshot]</a> </div></div></div></div>]]>
    </line>
    <line>
      <![CDATA[<div style="display:block;margin-left:10px;"><div  class="teststeppass"><span class="teststeppass-label">T </span>Given get '/'</div><div  class="teststeppass"><span class="teststeppass-label">T </span>When navigate to search page</div><div style="display:block;margin-left:10px;"><div  class="teststeppass"><span class="teststeppass-label">T </span>click on 'recipe.search'</div><div  class="teststeppass"><span class="teststeppass-label">T </span>wait until 'recipetype.search' to be visible</div></div><div  class="teststeppass"><span class="teststeppass-label">T </span>Then search recipe 'breakfast pizza'</div><div style="display:block;margin-left:10px;"><div  class="teststeppass"><span class="teststeppass-label">T </span>click on 'recipetype.search'</div><div  class="teststeppass"><span class="teststeppass-label">T </span>sendKeys 'breakfast pizza' into 'recipetype.search'</div></div><div  class="teststeppass"><span class="teststeppass-label">T </span>Then select a recipe</div><div style="display:block;margin-left:10px;"><div  class="teststeppass"><span class="teststeppass-label">T </span>click on 'pizzaRecipeImg.click'</div></div><div  class="teststeppass"><span class="teststeppass-label">T </span>Then click on review btn</div><div style="display:block;margin-left:10px;"><div  class="teststeppass"><span class="teststeppass-label">T </span>click on 'reviewBtn.click'</div></div><div  class="teststeppass"><span class="teststeppass-label">T </span>Then write a review 'Good'</div><div style="display:block;margin-left:10px;"><div  class="teststeppass"><span class="teststeppass-label">T </span>sendKeys 'Good' into 'writeReview.click'</div></div><div  class="teststeppass"><span class="teststeppass-label">T </span>Then verify login message for unregistered user while save/review</div><div style="display:block;margin-left:10px;"><div  class="teststeppass"><span class="teststeppass-label">T </span>assert 'saveMessageText.verify' is visible</div><div style="display:block;margin-left:10px;"><div  class="pass"><span class="pass-label">P </span>Expected Save message for guest visible : Actual Save message for guest visible <a href="../img/VerifyReviewRecipeActionForGuestUser_1s0198orvs08258300.png" target="_blank">[View Screenshot]</a> </div></div></div></div>]]>
    </line>
    <line>
      <![CDATA[<div style="display:block;margin-left:10px;"><div  class="teststeppass"><span class="teststeppass-label">T </span>Given get '/'</div><div  class="teststeppass"><span class="teststeppass-label">T </span>When navigate to recipe page</div><div style="display:block;margin-left:10px;"><div  class="teststeppass"><span class="teststeppass-label">T </span>click on 'recipeLink.click'</div></div><div  class="teststeppass"><span class="teststeppass-label">T </span>When navigate to search page</div><div style="display:block;margin-left:10px;"><div  class="teststeppass"><span class="teststeppass-label">T </span>click on 'recipe.search'</div><div  class="teststeppass"><span class="teststeppass-label">T </span>wait until 'recipetype.search' to be visible</div></div><div  class="teststeppass"><span class="teststeppass-label">T </span>Then search recipe 'Biriyani'</div><div style="display:block;margin-left:10px;"><div  class="teststeppass"><span class="teststeppass-label">T </span>click on 'recipetype.search'</div><div  class="teststeppass"><span class="teststeppass-label">T </span>sendKeys 'Biriyani' into 'recipetype.search'</div></div><div  class="teststeppass"><span class="teststeppass-label">T </span>Then verify result count</div><div style="display:block;margin-left:10px;"><div  class="teststeppass"><span class="teststeppass-label">T </span>assert 'resultCountText.verify' text is '10 RESULTS'</div><div style="display:block;margin-left:10px;"><div  class="pass"><span class="pass-label">P </span>Expected Result Count Text text should be 10 RESULTS : Actual Result Count Text text is 10 RESULTS <a href="../img/VerifySearchResults_9ry21699sira58301.png" target="_blank">[View Screenshot]</a> </div></div></div></div>]]>
    </line>
    <line>
      <![CDATA[<div style="display:block;margin-left:10px;"><div  class="teststeppass"><span class="teststeppass-label">T </span>Given get '/'</div><div  class="teststeppass"><span class="teststeppass-label">T </span>When navigate to recipe page</div><div style="display:block;margin-left:10px;"><div  class="teststeppass"><span class="teststeppass-label">T </span>click on 'recipeLink.click'</div></div><div  class="teststeppass"><span class="teststeppass-label">T </span>When navigate to search page</div><div style="display:block;margin-left:10px;"><div  class="teststeppass"><span class="teststeppass-label">T </span>click on 'recipe.search'</div><div  class="teststeppass"><span class="teststeppass-label">T </span>wait until 'recipetype.search' to be visible</div></div><div  class="teststeppass"><span class="teststeppass-label">T </span>Then search recipe 'Iphone'</div><div style="display:block;margin-left:10px;"><div  class="teststeppass"><span class="teststeppass-label">T </span>click on 'recipetype.search'</div><div  class="teststeppass"><span class="teststeppass-label">T </span>sendKeys 'Iphone' into 'recipetype.search'</div></div><div  class="teststeppass"><span class="teststeppass-label">T </span>Then verify no match message</div><div style="display:block;margin-left:10px;"><div  class="teststeppass"><span class="teststeppass-label">T </span>assert 'noMatchRecipeMsg.verify' is visible</div><div style="display:block;margin-left:10px;"><div  class="pass"><span class="pass-label">P </span>Expected No Match Recipe Message visible : Actual No Match Recipe Message visible <a href="../img/VerifyInvalidSearch_mplbgr9dwg7r58302.png" target="_blank">[View Screenshot]</a> </div></div></div></div>]]>
    </line>
    <line>
      <![CDATA[<div style="display:block;margin-left:10px;"><div  class="teststeppass"><span class="teststeppass-label">T </span>Given get '/'</div><div  class="teststeppass"><span class="teststeppass-label">T </span>When login as Reg User 'vdhuggis@gmail.com' 'Arjun@17'</div><div style="display:block;margin-left:10px;"><div  class="teststeppass"><span class="teststeppass-label">T </span>wait until 'logInBtn.click' to be visible</div><div  class="teststeppass"><span class="teststeppass-label">T </span>click on 'logInBtn.click'</div><div  class="teststeppass"><span class="teststeppass-label">T </span>wait until 'emailTxt.click' to be visible</div><div  class="teststeppass"><span class="teststeppass-label">T </span>click on 'emailTxt.click'</div><div  class="teststeppass"><span class="teststeppass-label">T </span>sendKeys 'vdhuggis@gmail.com' into 'emailTxt.click'</div><div  class="teststeppass"><span class="teststeppass-label">T </span>wait until 'pwdTxt.click' to be visible</div><div  class="teststeppass"><span class="teststeppass-label">T </span>click on 'pwdTxt.click'</div><div  class="teststeppass"><span class="teststeppass-label">T </span>sendKeys 'Arjun@17' into 'pwdTxt.click'</div></div><div  class="teststeppass"><span class="teststeppass-label">T </span>Then navigate to search page</div><div style="display:block;margin-left:10px;"><div  class="teststeppass"><span class="teststeppass-label">T </span>click on 'recipe.search'</div><div  class="teststeppass"><span class="teststeppass-label">T </span>wait until 'recipetype.search' to be visible</div></div><div  class="teststeppass"><span class="teststeppass-label">T </span>Then search recipe 'breakfast pizza'</div><div style="display:block;margin-left:10px;"><div  class="teststeppass"><span class="teststeppass-label">T </span>click on 'recipetype.search'</div><div  class="teststeppass"><span class="teststeppass-label">T </span>sendKeys 'breakfast pizza' into 'recipetype.search'</div></div><div  class="teststeppass"><span class="teststeppass-label">T </span>Then select a recipe</div><div style="display:block;margin-left:10px;"><div  class="teststeppass"><span class="teststeppass-label">T </span>click on 'pizzaRecipeImg.click'</div></div><div  class="teststeppass"><span class="teststeppass-label">T </span>Then save a recipe</div><div style="display:block;margin-left:10px;"><div  class="teststeppass"><span class="teststeppass-label">T </span>click on 'saveReceipeBtn.click'</div></div><div  class="teststeppass"><span class="teststeppass-label">T </span>Then verify saved recipe msg for Reg User</div><div style="display:block;margin-left:10px;"><div  class="teststeppass"><span class="teststeppass-label">T </span>assert 'savedTxt.verify' is visible</div><div style="display:block;margin-left:10px;"><div  class="pass"><span class="pass-label">P </span>Expected verify saved message for Reg User visible : Actual verify saved message for Reg User visible <a href="../img/VerifySAVESButtonFunctionality_8jnoc2xya5258303.png" target="_blank">[View Screenshot]</a> </div></div></div></div>]]>
    </line>
  </reporter-output>
  <suite name="Food Recipe Automation" duration-ms="300231" started-at="2020-05-05T17:49:59Z" finished-at="2020-05-05T17:54:59Z">
    <groups>
      <group name="SMOKE">
        <method signature="scenarios.smoketest.bdd.Verify SAVES Button functionality()[pri:1005, instance:com.qmetry.qaf.automation.step.client.Scenario@3ed]" name="Verify SAVES Button functionality" class="com.qmetry.qaf.automation.step.client.Scenario"/>
        <method signature="scenarios.smoketest.bdd.verify Invalid Search()[pri:1004, instance:com.qmetry.qaf.automation.step.client.Scenario@3ec]" name="verify Invalid Search" class="com.qmetry.qaf.automation.step.client.Scenario"/>
        <method signature="scenarios.smoketest.bdd.verify Review Recipe Action for Guest User()[pri:1002, instance:com.qmetry.qaf.automation.step.client.Scenario@3ea]" name="verify Review Recipe Action for Guest User" class="com.qmetry.qaf.automation.step.client.Scenario"/>
        <method signature="scenarios.smoketest.bdd.verify Save Recipe Action for Guest User()[pri:1001, instance:com.qmetry.qaf.automation.step.client.Scenario@3e9]" name="verify Save Recipe Action for Guest User" class="com.qmetry.qaf.automation.step.client.Scenario"/>
        <method signature="scenarios.smoketest.bdd.verify Search Results()[pri:1003, instance:com.qmetry.qaf.automation.step.client.Scenario@3eb]" name="verify Search Results" class="com.qmetry.qaf.automation.step.client.Scenario"/>
        <method signature="scenarios.smoketest.bdd.verify Test Food Receipe Title()[pri:1000, instance:com.qmetry.qaf.automation.step.client.Scenario@3e8]" name="verify Test Food Receipe Title" class="com.qmetry.qaf.automation.step.client.Scenario"/>
      </group> <!-- SMOKE -->
    </groups>
    <test name="BDD Test" duration-ms="300231" started-at="2020-05-05T17:49:59Z" finished-at="2020-05-05T17:54:59Z">
      <class name="com.qmetry.qaf.automation.step.client.Scenario">
        <test-method status="PASS" signature="setupSuit(org.testng.ITestContext)[pri:0, instance:com.qmetry.qaf.automation.step.client.Scenario@3ed]" test-instance-name="verify Test Food Receipe Title" name="setupSuit" is-config="true" duration-ms="22" started-at="2020-05-05T10:49:59Z" finished-at="2020-05-05T10:49:59Z">
          <params>
            <param index="0">
              <value>
                <![CDATA[org.testng.TestRunner@63a65a25]]>
              </value>
            </param>
          </params>
          <reporter-output>
          </reporter-output>
        </test-method> <!-- setupSuit -->
        <test-method status="PASS" signature="setupTest(org.testng.ITestContext)[pri:0, instance:com.qmetry.qaf.automation.step.client.Scenario@3ed]" test-instance-name="verify Test Food Receipe Title" name="setupTest" is-config="true" duration-ms="2" started-at="2020-05-05T10:49:59Z" finished-at="2020-05-05T10:49:59Z">
          <params>
            <param index="0">
              <value>
                <![CDATA[org.testng.TestRunner@63a65a25]]>
              </value>
            </param>
          </params>
          <reporter-output>
          </reporter-output>
        </test-method> <!-- setupTest -->
        <test-method status="PASS" signature="setup(org.testng.ITestContext)[pri:0, instance:com.qmetry.qaf.automation.step.client.Scenario@3ed]" test-instance-name="verify Test Food Receipe Title" name="setup" is-config="true" duration-ms="1" started-at="2020-05-05T10:49:59Z" finished-at="2020-05-05T10:49:59Z">
          <params>
            <param index="0">
              <value>
                <![CDATA[org.testng.TestRunner@63a65a25]]>
              </value>
            </param>
          </params>
          <reporter-output>
          </reporter-output>
        </test-method> <!-- setup -->
        <test-method status="PASS" signature="setupMethod(java.lang.reflect.Method, org.testng.ITestContext)[pri:0, instance:com.qmetry.qaf.automation.step.client.Scenario@3ed]" test-instance-name="verify Test Food Receipe Title" name="setupMethod" is-config="true" duration-ms="1" started-at="2020-05-05T10:49:59Z" finished-at="2020-05-05T10:49:59Z">
          <params>
            <param index="0">
              <value>
                <![CDATA[public void com.qmetry.qaf.automation.step.client.Scenario.scenario()]]>
              </value>
            </param>
            <param index="1">
              <value>
                <![CDATA[org.testng.TestRunner@63a65a25]]>
              </value>
            </param>
          </params>
          <reporter-output>
          </reporter-output>
        </test-method> <!-- setupMethod -->
        <test-method status="PASS" signature="verify Test Food Receipe Title()[pri:1000, instance:com.qmetry.qaf.automation.step.client.Scenario@3e8]" test-instance-name="verify Test Food Receipe Title" name="verify Test Food Receipe Title" duration-ms="11290" started-at="2020-05-05T10:49:59Z" description="verify Test Food Receipe Title" finished-at="2020-05-05T10:50:11Z">
          <reporter-output>
            <line>
              <![CDATA[<div style="display:block;margin-left:10px;"><div  class="teststeppass"><span class="teststeppass-label">T </span>Given get '/'</div><div  class="teststeppass"><span class="teststeppass-label">T </span>When navigate to recipe page</div><div style="display:block;margin-left:10px;"><div  class="teststeppass"><span class="teststeppass-label">T </span>click on 'recipeLink.click'</div></div><div  class="teststeppass"><span class="teststeppass-label">T </span>Then verify text is RECIPES</div><div style="display:block;margin-left:10px;"><div  class="pass"><span class="pass-label">P </span>Expected Recipe text should be RECIPES : Actual Recipe text is RECIPES <a href="../img/VerifyTestFoodReceipeTitle_xhmx9uszpsnw58298.png" target="_blank">[View Screenshot]</a> </div></div></div>]]>
            </line>
          </reporter-output>
        </test-method> <!-- verify Test Food Receipe Title -->
        <test-method status="PASS" signature="afterMethod(org.testng.ITestContext, org.testng.ITestResult)[pri:0, instance:com.qmetry.qaf.automation.step.client.Scenario@3ed]" test-instance-name="verify Test Food Receipe Title" name="afterMethod" is-config="true" duration-ms="1" started-at="2020-05-05T10:50:11Z" finished-at="2020-05-05T10:50:11Z">
          <params>
            <param index="0">
              <value>
                <![CDATA[org.testng.TestRunner@63a65a25]]>
              </value>
            </param>
            <param index="1">
              <value>
                <![CDATA[[TestResult name=verify Test Food Receipe Title status=SUCCESS method=scenarios.smoketest.bdd.verify Test Food Receipe Title()[pri:1000, instance:com.qmetry.qaf.automation.step.client.Scenario@3e8] output=<div style="display:block;margin-left:10px;"><div  class="teststeppass"><span class="teststeppass-label">T </span>Given get '/'</div><div  class="teststeppass"><span class="teststeppass-label">T </span>When navigate to recipe page</div><div style="display:block;margin-left:10px;"><div  class="teststeppass"><span class="teststeppass-label">T </span>click on 'recipeLink.click'</div></div><div  class="teststeppass"><span class="teststeppass-label">T </span>Then verify text is RECIPES</div><div style="display:block;margin-left:10px;"><div  class="pass"><span class="pass-label">P </span>Expected Recipe text should be RECIPES : Actual Recipe text is RECIPES <a href="../img/VerifyTestFoodReceipeTitle_xhmx9uszpsnw58298.png" target="_blank">[View Screenshot]</a> </div></div></div>]]]>
              </value>
            </param>
          </params>
          <reporter-output>
          </reporter-output>
        </test-method> <!-- afterMethod -->
        <test-method status="PASS" signature="afterClass(org.testng.ITestContext)[pri:0, instance:com.qmetry.qaf.automation.step.client.Scenario@3ed]" test-instance-name="verify Test Food Receipe Title" name="afterClass" is-config="true" duration-ms="0" started-at="2020-05-05T10:50:11Z" finished-at="2020-05-05T10:50:11Z">
          <params>
            <param index="0">
              <value>
                <![CDATA[org.testng.TestRunner@63a65a25]]>
              </value>
            </param>
          </params>
          <reporter-output>
          </reporter-output>
        </test-method> <!-- afterClass -->
        <test-method status="PASS" signature="setup(org.testng.ITestContext)[pri:0, instance:com.qmetry.qaf.automation.step.client.Scenario@3ed]" test-instance-name="verify Save Recipe Action for Guest User" name="setup" is-config="true" duration-ms="1" started-at="2020-05-05T10:50:11Z" finished-at="2020-05-05T10:50:11Z">
          <params>
            <param index="0">
              <value>
                <![CDATA[org.testng.TestRunner@63a65a25]]>
              </value>
            </param>
          </params>
          <reporter-output>
          </reporter-output>
        </test-method> <!-- setup -->
        <test-method status="PASS" signature="setupMethod(java.lang.reflect.Method, org.testng.ITestContext)[pri:0, instance:com.qmetry.qaf.automation.step.client.Scenario@3ed]" test-instance-name="verify Save Recipe Action for Guest User" name="setupMethod" is-config="true" duration-ms="1" started-at="2020-05-05T10:50:11Z" finished-at="2020-05-05T10:50:11Z">
          <params>
            <param index="0">
              <value>
                <![CDATA[public void com.qmetry.qaf.automation.step.client.Scenario.scenario()]]>
              </value>
            </param>
            <param index="1">
              <value>
                <![CDATA[org.testng.TestRunner@63a65a25]]>
              </value>
            </param>
          </params>
          <reporter-output>
          </reporter-output>
        </test-method> <!-- setupMethod -->
        <test-method status="PASS" signature="verify Save Recipe Action for Guest User()[pri:1001, instance:com.qmetry.qaf.automation.step.client.Scenario@3e9]" test-instance-name="verify Save Recipe Action for Guest User" name="verify Save Recipe Action for Guest User" duration-ms="67703" started-at="2020-05-05T10:50:11Z" description="verify Save Recipe for Guest User" finished-at="2020-05-05T10:51:18Z">
          <reporter-output>
            <line>
              <![CDATA[<div style="display:block;margin-left:10px;"><div  class="teststeppass"><span class="teststeppass-label">T </span>Given get '/'</div><div  class="teststeppass"><span class="teststeppass-label">T </span>When navigate to search page</div><div style="display:block;margin-left:10px;"><div  class="teststeppass"><span class="teststeppass-label">T </span>click on 'recipe.search'</div><div  class="teststeppass"><span class="teststeppass-label">T </span>wait until 'recipetype.search' to be visible</div></div><div  class="teststeppass"><span class="teststeppass-label">T </span>Then search recipe 'breakfast pizza'</div><div style="display:block;margin-left:10px;"><div  class="teststeppass"><span class="teststeppass-label">T </span>click on 'recipetype.search'</div><div  class="teststeppass"><span class="teststeppass-label">T </span>sendKeys 'breakfast pizza' into 'recipetype.search'</div></div><div  class="teststeppass"><span class="teststeppass-label">T </span>Then select a recipe</div><div style="display:block;margin-left:10px;"><div  class="teststeppass"><span class="teststeppass-label">T </span>click on 'pizzaRecipeImg.click'</div></div><div  class="teststeppass"><span class="teststeppass-label">T </span>Then save a recipe</div><div style="display:block;margin-left:10px;"><div  class="teststeppass"><span class="teststeppass-label">T </span>click on 'saveReceipeBtn.click'</div></div><div  class="teststeppass"><span class="teststeppass-label">T </span>Then verify login message for unregistered user while save/review</div><div style="display:block;margin-left:10px;"><div  class="teststeppass"><span class="teststeppass-label">T </span>assert 'saveMessageText.verify' is visible</div><div style="display:block;margin-left:10px;"><div  class="pass"><span class="pass-label">P </span>Expected Save message for guest visible : Actual Save message for guest visible <a href="../img/VerifySaveRecipeActionForGuestUser_oklxex46zdlt58299.png" target="_blank">[View Screenshot]</a> </div></div></div></div>]]>
            </line>
          </reporter-output>
        </test-method> <!-- verify Save Recipe Action for Guest User -->
        <test-method status="PASS" signature="afterMethod(org.testng.ITestContext, org.testng.ITestResult)[pri:0, instance:com.qmetry.qaf.automation.step.client.Scenario@3ed]" test-instance-name="verify Save Recipe Action for Guest User" name="afterMethod" is-config="true" duration-ms="1" started-at="2020-05-05T10:51:18Z" finished-at="2020-05-05T10:51:18Z">
          <params>
            <param index="0">
              <value>
                <![CDATA[org.testng.TestRunner@63a65a25]]>
              </value>
            </param>
            <param index="1">
              <value>
                <![CDATA[[TestResult name=verify Save Recipe Action for Guest User status=SUCCESS method=scenarios.smoketest.bdd.verify Save Recipe Action for Guest User()[pri:1001, instance:com.qmetry.qaf.automation.step.client.Scenario@3e9] output=<div style="display:block;margin-left:10px;"><div  class="teststeppass"><span class="teststeppass-label">T </span>Given get '/'</div><div  class="teststeppass"><span class="teststeppass-label">T </span>When navigate to search page</div><div style="display:block;margin-left:10px;"><div  class="teststeppass"><span class="teststeppass-label">T </span>click on 'recipe.search'</div><div  class="teststeppass"><span class="teststeppass-label">T </span>wait until 'recipetype.search' to be visible</div></div><div  class="teststeppass"><span class="teststeppass-label">T </span>Then search recipe 'breakfast pizza'</div><div style="display:block;margin-left:10px;"><div  class="teststeppass"><span class="teststeppass-label">T </span>click on 'recipetype.search'</div><div  class="teststeppass"><span class="teststeppass-label">T </span>sendKeys 'breakfast pizza' into 'recipetype.search'</div></div><div  class="teststeppass"><span class="teststeppass-label">T </span>Then select a recipe</div><div style="display:block;margin-left:10px;"><div  class="teststeppass"><span class="teststeppass-label">T </span>click on 'pizzaRecipeImg.click'</div></div><div  class="teststeppass"><span class="teststeppass-label">T </span>Then save a recipe</div><div style="display:block;margin-left:10px;"><div  class="teststeppass"><span class="teststeppass-label">T </span>click on 'saveReceipeBtn.click'</div></div><div  class="teststeppass"><span class="teststeppass-label">T </span>Then verify login message for unregistered user while save/review</div><div style="display:block;margin-left:10px;"><div  class="teststeppass"><span class="teststeppass-label">T </span>assert 'saveMessageText.verify' is visible</div><div style="display:block;margin-left:10px;"><div  class="pass"><span class="pass-label">P </span>Expected Save message for guest visible : Actual Save message for guest visible <a href="../img/VerifySaveRecipeActionForGuestUser_oklxex46zdlt58299.png" target="_blank">[View Screenshot]</a> </div></div></div></div>]]]>
              </value>
            </param>
          </params>
          <reporter-output>
          </reporter-output>
        </test-method> <!-- afterMethod -->
        <test-method status="PASS" signature="afterClass(org.testng.ITestContext)[pri:0, instance:com.qmetry.qaf.automation.step.client.Scenario@3ed]" test-instance-name="verify Save Recipe Action for Guest User" name="afterClass" is-config="true" duration-ms="1" started-at="2020-05-05T10:51:18Z" finished-at="2020-05-05T10:51:18Z">
          <params>
            <param index="0">
              <value>
                <![CDATA[org.testng.TestRunner@63a65a25]]>
              </value>
            </param>
          </params>
          <reporter-output>
          </reporter-output>
        </test-method> <!-- afterClass -->
        <test-method status="PASS" signature="setup(org.testng.ITestContext)[pri:0, instance:com.qmetry.qaf.automation.step.client.Scenario@3ed]" test-instance-name="verify Review Recipe Action for Guest User" name="setup" is-config="true" duration-ms="0" started-at="2020-05-05T10:51:18Z" finished-at="2020-05-05T10:51:18Z">
          <params>
            <param index="0">
              <value>
                <![CDATA[org.testng.TestRunner@63a65a25]]>
              </value>
            </param>
          </params>
          <reporter-output>
          </reporter-output>
        </test-method> <!-- setup -->
        <test-method status="PASS" signature="verify Review Recipe Action for Guest User()[pri:1002, instance:com.qmetry.qaf.automation.step.client.Scenario@3ea]" test-instance-name="verify Review Recipe Action for Guest User" name="verify Review Recipe Action for Guest User" duration-ms="84735" started-at="2020-05-05T10:51:18Z" description="verify Review Recipe for Guest User" finished-at="2020-05-05T10:52:43Z">
          <reporter-output>
            <line>
              <![CDATA[<div style="display:block;margin-left:10px;"><div  class="teststeppass"><span class="teststeppass-label">T </span>Given get '/'</div><div  class="teststeppass"><span class="teststeppass-label">T </span>When navigate to search page</div><div style="display:block;margin-left:10px;"><div  class="teststeppass"><span class="teststeppass-label">T </span>click on 'recipe.search'</div><div  class="teststeppass"><span class="teststeppass-label">T </span>wait until 'recipetype.search' to be visible</div></div><div  class="teststeppass"><span class="teststeppass-label">T </span>Then search recipe 'breakfast pizza'</div><div style="display:block;margin-left:10px;"><div  class="teststeppass"><span class="teststeppass-label">T </span>click on 'recipetype.search'</div><div  class="teststeppass"><span class="teststeppass-label">T </span>sendKeys 'breakfast pizza' into 'recipetype.search'</div></div><div  class="teststeppass"><span class="teststeppass-label">T </span>Then select a recipe</div><div style="display:block;margin-left:10px;"><div  class="teststeppass"><span class="teststeppass-label">T </span>click on 'pizzaRecipeImg.click'</div></div><div  class="teststeppass"><span class="teststeppass-label">T </span>Then click on review btn</div><div style="display:block;margin-left:10px;"><div  class="teststeppass"><span class="teststeppass-label">T </span>click on 'reviewBtn.click'</div></div><div  class="teststeppass"><span class="teststeppass-label">T </span>Then write a review 'Good'</div><div style="display:block;margin-left:10px;"><div  class="teststeppass"><span class="teststeppass-label">T </span>sendKeys 'Good' into 'writeReview.click'</div></div><div  class="teststeppass"><span class="teststeppass-label">T </span>Then verify login message for unregistered user while save/review</div><div style="display:block;margin-left:10px;"><div  class="teststeppass"><span class="teststeppass-label">T </span>assert 'saveMessageText.verify' is visible</div><div style="display:block;margin-left:10px;"><div  class="pass"><span class="pass-label">P </span>Expected Save message for guest visible : Actual Save message for guest visible <a href="../img/VerifyReviewRecipeActionForGuestUser_1s0198orvs08258300.png" target="_blank">[View Screenshot]</a> </div></div></div></div>]]>
            </line>
          </reporter-output>
        </test-method> <!-- verify Review Recipe Action for Guest User -->
        <test-method status="PASS" signature="setupMethod(java.lang.reflect.Method, org.testng.ITestContext)[pri:0, instance:com.qmetry.qaf.automation.step.client.Scenario@3ed]" test-instance-name="verify Review Recipe Action for Guest User" name="setupMethod" is-config="true" duration-ms="0" started-at="2020-05-05T10:51:18Z" finished-at="2020-05-05T10:51:18Z">
          <params>
            <param index="0">
              <value>
                <![CDATA[public void com.qmetry.qaf.automation.step.client.Scenario.scenario()]]>
              </value>
            </param>
            <param index="1">
              <value>
                <![CDATA[org.testng.TestRunner@63a65a25]]>
              </value>
            </param>
          </params>
          <reporter-output>
          </reporter-output>
        </test-method> <!-- setupMethod -->
        <test-method status="PASS" signature="afterMethod(org.testng.ITestContext, org.testng.ITestResult)[pri:0, instance:com.qmetry.qaf.automation.step.client.Scenario@3ed]" test-instance-name="verify Review Recipe Action for Guest User" name="afterMethod" is-config="true" duration-ms="1" started-at="2020-05-05T10:52:43Z" finished-at="2020-05-05T10:52:43Z">
          <params>
            <param index="0">
              <value>
                <![CDATA[org.testng.TestRunner@63a65a25]]>
              </value>
            </param>
            <param index="1">
              <value>
                <![CDATA[[TestResult name=verify Review Recipe Action for Guest User status=SUCCESS method=scenarios.smoketest.bdd.verify Review Recipe Action for Guest User()[pri:1002, instance:com.qmetry.qaf.automation.step.client.Scenario@3ea] output=<div style="display:block;margin-left:10px;"><div  class="teststeppass"><span class="teststeppass-label">T </span>Given get '/'</div><div  class="teststeppass"><span class="teststeppass-label">T </span>When navigate to search page</div><div style="display:block;margin-left:10px;"><div  class="teststeppass"><span class="teststeppass-label">T </span>click on 'recipe.search'</div><div  class="teststeppass"><span class="teststeppass-label">T </span>wait until 'recipetype.search' to be visible</div></div><div  class="teststeppass"><span class="teststeppass-label">T </span>Then search recipe 'breakfast pizza'</div><div style="display:block;margin-left:10px;"><div  class="teststeppass"><span class="teststeppass-label">T </span>click on 'recipetype.search'</div><div  class="teststeppass"><span class="teststeppass-label">T </span>sendKeys 'breakfast pizza' into 'recipetype.search'</div></div><div  class="teststeppass"><span class="teststeppass-label">T </span>Then select a recipe</div><div style="display:block;margin-left:10px;"><div  class="teststeppass"><span class="teststeppass-label">T </span>click on 'pizzaRecipeImg.click'</div></div><div  class="teststeppass"><span class="teststeppass-label">T </span>Then click on review btn</div><div style="display:block;margin-left:10px;"><div  class="teststeppass"><span class="teststeppass-label">T </span>click on 'reviewBtn.click'</div></div><div  class="teststeppass"><span class="teststeppass-label">T </span>Then write a review 'Good'</div><div style="display:block;margin-left:10px;"><div  class="teststeppass"><span class="teststeppass-label">T </span>sendKeys 'Good' into 'writeReview.click'</div></div><div  class="teststeppass"><span class="teststeppass-label">T </span>Then verify login message for unregistered user while save/review</div><div style="display:block;margin-left:10px;"><div  class="teststeppass"><span class="teststeppass-label">T </span>assert 'saveMessageText.verify' is visible</div><div style="display:block;margin-left:10px;"><div  class="pass"><span class="pass-label">P </span>Expected Save message for guest visible : Actual Save message for guest visible <a href="../img/VerifyReviewRecipeActionForGuestUser_1s0198orvs08258300.png" target="_blank">[View Screenshot]</a> </div></div></div></div>]]]>
              </value>
            </param>
          </params>
          <reporter-output>
          </reporter-output>
        </test-method> <!-- afterMethod -->
        <test-method status="PASS" signature="afterClass(org.testng.ITestContext)[pri:0, instance:com.qmetry.qaf.automation.step.client.Scenario@3ed]" test-instance-name="verify Review Recipe Action for Guest User" name="afterClass" is-config="true" duration-ms="1" started-at="2020-05-05T10:52:43Z" finished-at="2020-05-05T10:52:43Z">
          <params>
            <param index="0">
              <value>
                <![CDATA[org.testng.TestRunner@63a65a25]]>
              </value>
            </param>
          </params>
          <reporter-output>
          </reporter-output>
        </test-method> <!-- afterClass -->
        <test-method status="PASS" signature="setupMethod(java.lang.reflect.Method, org.testng.ITestContext)[pri:0, instance:com.qmetry.qaf.automation.step.client.Scenario@3ed]" test-instance-name="verify Search Results" name="setupMethod" is-config="true" duration-ms="1" started-at="2020-05-05T10:52:43Z" finished-at="2020-05-05T10:52:43Z">
          <params>
            <param index="0">
              <value>
                <![CDATA[public void com.qmetry.qaf.automation.step.client.Scenario.scenario()]]>
              </value>
            </param>
            <param index="1">
              <value>
                <![CDATA[org.testng.TestRunner@63a65a25]]>
              </value>
            </param>
          </params>
          <reporter-output>
          </reporter-output>
        </test-method> <!-- setupMethod -->
        <test-method status="PASS" signature="setup(org.testng.ITestContext)[pri:0, instance:com.qmetry.qaf.automation.step.client.Scenario@3ed]" test-instance-name="verify Search Results" name="setup" is-config="true" duration-ms="0" started-at="2020-05-05T10:52:43Z" finished-at="2020-05-05T10:52:43Z">
          <params>
            <param index="0">
              <value>
                <![CDATA[org.testng.TestRunner@63a65a25]]>
              </value>
            </param>
          </params>
          <reporter-output>
          </reporter-output>
        </test-method> <!-- setup -->
        <test-method status="PASS" signature="verify Search Results()[pri:1003, instance:com.qmetry.qaf.automation.step.client.Scenario@3eb]" test-instance-name="verify Search Results" name="verify Search Results" duration-ms="24715" started-at="2020-05-05T10:52:43Z" description="verify Search Results -count" finished-at="2020-05-05T10:53:08Z">
          <reporter-output>
            <line>
              <![CDATA[<div style="display:block;margin-left:10px;"><div  class="teststeppass"><span class="teststeppass-label">T </span>Given get '/'</div><div  class="teststeppass"><span class="teststeppass-label">T </span>When navigate to recipe page</div><div style="display:block;margin-left:10px;"><div  class="teststeppass"><span class="teststeppass-label">T </span>click on 'recipeLink.click'</div></div><div  class="teststeppass"><span class="teststeppass-label">T </span>When navigate to search page</div><div style="display:block;margin-left:10px;"><div  class="teststeppass"><span class="teststeppass-label">T </span>click on 'recipe.search'</div><div  class="teststeppass"><span class="teststeppass-label">T </span>wait until 'recipetype.search' to be visible</div></div><div  class="teststeppass"><span class="teststeppass-label">T </span>Then search recipe 'Biriyani'</div><div style="display:block;margin-left:10px;"><div  class="teststeppass"><span class="teststeppass-label">T </span>click on 'recipetype.search'</div><div  class="teststeppass"><span class="teststeppass-label">T </span>sendKeys 'Biriyani' into 'recipetype.search'</div></div><div  class="teststeppass"><span class="teststeppass-label">T </span>Then verify result count</div><div style="display:block;margin-left:10px;"><div  class="teststeppass"><span class="teststeppass-label">T </span>assert 'resultCountText.verify' text is '10 RESULTS'</div><div style="display:block;margin-left:10px;"><div  class="pass"><span class="pass-label">P </span>Expected Result Count Text text should be 10 RESULTS : Actual Result Count Text text is 10 RESULTS <a href="../img/VerifySearchResults_9ry21699sira58301.png" target="_blank">[View Screenshot]</a> </div></div></div></div>]]>
            </line>
          </reporter-output>
        </test-method> <!-- verify Search Results -->
        <test-method status="PASS" signature="afterClass(org.testng.ITestContext)[pri:0, instance:com.qmetry.qaf.automation.step.client.Scenario@3ed]" test-instance-name="verify Search Results" name="afterClass" is-config="true" duration-ms="1" started-at="2020-05-05T10:53:08Z" finished-at="2020-05-05T10:53:08Z">
          <params>
            <param index="0">
              <value>
                <![CDATA[org.testng.TestRunner@63a65a25]]>
              </value>
            </param>
          </params>
          <reporter-output>
          </reporter-output>
        </test-method> <!-- afterClass -->
        <test-method status="PASS" signature="afterMethod(org.testng.ITestContext, org.testng.ITestResult)[pri:0, instance:com.qmetry.qaf.automation.step.client.Scenario@3ed]" test-instance-name="verify Search Results" name="afterMethod" is-config="true" duration-ms="0" started-at="2020-05-05T10:53:08Z" finished-at="2020-05-05T10:53:08Z">
          <params>
            <param index="0">
              <value>
                <![CDATA[org.testng.TestRunner@63a65a25]]>
              </value>
            </param>
            <param index="1">
              <value>
                <![CDATA[[TestResult name=verify Search Results status=SUCCESS method=scenarios.smoketest.bdd.verify Search Results()[pri:1003, instance:com.qmetry.qaf.automation.step.client.Scenario@3eb] output=<div style="display:block;margin-left:10px;"><div  class="teststeppass"><span class="teststeppass-label">T </span>Given get '/'</div><div  class="teststeppass"><span class="teststeppass-label">T </span>When navigate to recipe page</div><div style="display:block;margin-left:10px;"><div  class="teststeppass"><span class="teststeppass-label">T </span>click on 'recipeLink.click'</div></div><div  class="teststeppass"><span class="teststeppass-label">T </span>When navigate to search page</div><div style="display:block;margin-left:10px;"><div  class="teststeppass"><span class="teststeppass-label">T </span>click on 'recipe.search'</div><div  class="teststeppass"><span class="teststeppass-label">T </span>wait until 'recipetype.search' to be visible</div></div><div  class="teststeppass"><span class="teststeppass-label">T </span>Then search recipe 'Biriyani'</div><div style="display:block;margin-left:10px;"><div  class="teststeppass"><span class="teststeppass-label">T </span>click on 'recipetype.search'</div><div  class="teststeppass"><span class="teststeppass-label">T </span>sendKeys 'Biriyani' into 'recipetype.search'</div></div><div  class="teststeppass"><span class="teststeppass-label">T </span>Then verify result count</div><div style="display:block;margin-left:10px;"><div  class="teststeppass"><span class="teststeppass-label">T </span>assert 'resultCountText.verify' text is '10 RESULTS'</div><div style="display:block;margin-left:10px;"><div  class="pass"><span class="pass-label">P </span>Expected Result Count Text text should be 10 RESULTS : Actual Result Count Text text is 10 RESULTS <a href="../img/VerifySearchResults_9ry21699sira58301.png" target="_blank">[View Screenshot]</a> </div></div></div></div>]]]>
              </value>
            </param>
          </params>
          <reporter-output>
          </reporter-output>
        </test-method> <!-- afterMethod -->
        <test-method status="PASS" signature="setup(org.testng.ITestContext)[pri:0, instance:com.qmetry.qaf.automation.step.client.Scenario@3ed]" test-instance-name="verify Invalid Search" name="setup" is-config="true" duration-ms="0" started-at="2020-05-05T10:53:08Z" finished-at="2020-05-05T10:53:08Z">
          <params>
            <param index="0">
              <value>
                <![CDATA[org.testng.TestRunner@63a65a25]]>
              </value>
            </param>
          </params>
          <reporter-output>
          </reporter-output>
        </test-method> <!-- setup -->
        <test-method status="PASS" signature="setupMethod(java.lang.reflect.Method, org.testng.ITestContext)[pri:0, instance:com.qmetry.qaf.automation.step.client.Scenario@3ed]" test-instance-name="verify Invalid Search" name="setupMethod" is-config="true" duration-ms="0" started-at="2020-05-05T10:53:08Z" finished-at="2020-05-05T10:53:08Z">
          <params>
            <param index="0">
              <value>
                <![CDATA[public void com.qmetry.qaf.automation.step.client.Scenario.scenario()]]>
              </value>
            </param>
            <param index="1">
              <value>
                <![CDATA[org.testng.TestRunner@63a65a25]]>
              </value>
            </param>
          </params>
          <reporter-output>
          </reporter-output>
        </test-method> <!-- setupMethod -->
        <test-method status="PASS" signature="verify Invalid Search()[pri:1004, instance:com.qmetry.qaf.automation.step.client.Scenario@3ec]" test-instance-name="verify Invalid Search" name="verify Invalid Search" duration-ms="25187" started-at="2020-05-05T10:53:08Z" description="verify Invalid Search" finished-at="2020-05-05T10:53:33Z">
          <reporter-output>
            <line>
              <![CDATA[<div style="display:block;margin-left:10px;"><div  class="teststeppass"><span class="teststeppass-label">T </span>Given get '/'</div><div  class="teststeppass"><span class="teststeppass-label">T </span>When navigate to recipe page</div><div style="display:block;margin-left:10px;"><div  class="teststeppass"><span class="teststeppass-label">T </span>click on 'recipeLink.click'</div></div><div  class="teststeppass"><span class="teststeppass-label">T </span>When navigate to search page</div><div style="display:block;margin-left:10px;"><div  class="teststeppass"><span class="teststeppass-label">T </span>click on 'recipe.search'</div><div  class="teststeppass"><span class="teststeppass-label">T </span>wait until 'recipetype.search' to be visible</div></div><div  class="teststeppass"><span class="teststeppass-label">T </span>Then search recipe 'Iphone'</div><div style="display:block;margin-left:10px;"><div  class="teststeppass"><span class="teststeppass-label">T </span>click on 'recipetype.search'</div><div  class="teststeppass"><span class="teststeppass-label">T </span>sendKeys 'Iphone' into 'recipetype.search'</div></div><div  class="teststeppass"><span class="teststeppass-label">T </span>Then verify no match message</div><div style="display:block;margin-left:10px;"><div  class="teststeppass"><span class="teststeppass-label">T </span>assert 'noMatchRecipeMsg.verify' is visible</div><div style="display:block;margin-left:10px;"><div  class="pass"><span class="pass-label">P </span>Expected No Match Recipe Message visible : Actual No Match Recipe Message visible <a href="../img/VerifyInvalidSearch_mplbgr9dwg7r58302.png" target="_blank">[View Screenshot]</a> </div></div></div></div>]]>
            </line>
          </reporter-output>
        </test-method> <!-- verify Invalid Search -->
        <test-method status="PASS" signature="afterMethod(org.testng.ITestContext, org.testng.ITestResult)[pri:0, instance:com.qmetry.qaf.automation.step.client.Scenario@3ed]" test-instance-name="verify Invalid Search" name="afterMethod" is-config="true" duration-ms="0" started-at="2020-05-05T10:53:33Z" finished-at="2020-05-05T10:53:33Z">
          <params>
            <param index="0">
              <value>
                <![CDATA[org.testng.TestRunner@63a65a25]]>
              </value>
            </param>
            <param index="1">
              <value>
                <![CDATA[[TestResult name=verify Invalid Search status=SUCCESS method=scenarios.smoketest.bdd.verify Invalid Search()[pri:1004, instance:com.qmetry.qaf.automation.step.client.Scenario@3ec] output=<div style="display:block;margin-left:10px;"><div  class="teststeppass"><span class="teststeppass-label">T </span>Given get '/'</div><div  class="teststeppass"><span class="teststeppass-label">T </span>When navigate to recipe page</div><div style="display:block;margin-left:10px;"><div  class="teststeppass"><span class="teststeppass-label">T </span>click on 'recipeLink.click'</div></div><div  class="teststeppass"><span class="teststeppass-label">T </span>When navigate to search page</div><div style="display:block;margin-left:10px;"><div  class="teststeppass"><span class="teststeppass-label">T </span>click on 'recipe.search'</div><div  class="teststeppass"><span class="teststeppass-label">T </span>wait until 'recipetype.search' to be visible</div></div><div  class="teststeppass"><span class="teststeppass-label">T </span>Then search recipe 'Iphone'</div><div style="display:block;margin-left:10px;"><div  class="teststeppass"><span class="teststeppass-label">T </span>click on 'recipetype.search'</div><div  class="teststeppass"><span class="teststeppass-label">T </span>sendKeys 'Iphone' into 'recipetype.search'</div></div><div  class="teststeppass"><span class="teststeppass-label">T </span>Then verify no match message</div><div style="display:block;margin-left:10px;"><div  class="teststeppass"><span class="teststeppass-label">T </span>assert 'noMatchRecipeMsg.verify' is visible</div><div style="display:block;margin-left:10px;"><div  class="pass"><span class="pass-label">P </span>Expected No Match Recipe Message visible : Actual No Match Recipe Message visible <a href="../img/VerifyInvalidSearch_mplbgr9dwg7r58302.png" target="_blank">[View Screenshot]</a> </div></div></div></div>]]]>
              </value>
            </param>
          </params>
          <reporter-output>
          </reporter-output>
        </test-method> <!-- afterMethod -->
        <test-method status="PASS" signature="setup(org.testng.ITestContext)[pri:0, instance:com.qmetry.qaf.automation.step.client.Scenario@3ed]" test-instance-name="Verify SAVES Button functionality" name="setup" is-config="true" duration-ms="0" started-at="2020-05-05T10:53:33Z" finished-at="2020-05-05T10:53:33Z">
          <params>
            <param index="0">
              <value>
                <![CDATA[org.testng.TestRunner@63a65a25]]>
              </value>
            </param>
          </params>
          <reporter-output>
          </reporter-output>
        </test-method> <!-- setup -->
        <test-method status="PASS" signature="afterClass(org.testng.ITestContext)[pri:0, instance:com.qmetry.qaf.automation.step.client.Scenario@3ed]" test-instance-name="verify Invalid Search" name="afterClass" is-config="true" duration-ms="0" started-at="2020-05-05T10:53:33Z" finished-at="2020-05-05T10:53:33Z">
          <params>
            <param index="0">
              <value>
                <![CDATA[org.testng.TestRunner@63a65a25]]>
              </value>
            </param>
          </params>
          <reporter-output>
          </reporter-output>
        </test-method> <!-- afterClass -->
        <test-method status="PASS" signature="setupMethod(java.lang.reflect.Method, org.testng.ITestContext)[pri:0, instance:com.qmetry.qaf.automation.step.client.Scenario@3ed]" test-instance-name="Verify SAVES Button functionality" name="setupMethod" is-config="true" duration-ms="1" started-at="2020-05-05T10:53:33Z" finished-at="2020-05-05T10:53:33Z">
          <params>
            <param index="0">
              <value>
                <![CDATA[public void com.qmetry.qaf.automation.step.client.Scenario.scenario()]]>
              </value>
            </param>
            <param index="1">
              <value>
                <![CDATA[org.testng.TestRunner@63a65a25]]>
              </value>
            </param>
          </params>
          <reporter-output>
          </reporter-output>
        </test-method> <!-- setupMethod -->
        <test-method status="PASS" signature="Verify SAVES Button functionality()[pri:1005, instance:com.qmetry.qaf.automation.step.client.Scenario@3ed]" test-instance-name="Verify SAVES Button functionality" name="Verify SAVES Button functionality" duration-ms="86153" started-at="2020-05-05T10:53:33Z" description="Verify SAVES Button functionality" finished-at="2020-05-05T10:54:59Z">
          <reporter-output>
            <line>
              <![CDATA[<div style="display:block;margin-left:10px;"><div  class="teststeppass"><span class="teststeppass-label">T </span>Given get '/'</div><div  class="teststeppass"><span class="teststeppass-label">T </span>When login as Reg User 'vdhuggis@gmail.com' 'Arjun@17'</div><div style="display:block;margin-left:10px;"><div  class="teststeppass"><span class="teststeppass-label">T </span>wait until 'logInBtn.click' to be visible</div><div  class="teststeppass"><span class="teststeppass-label">T </span>click on 'logInBtn.click'</div><div  class="teststeppass"><span class="teststeppass-label">T </span>wait until 'emailTxt.click' to be visible</div><div  class="teststeppass"><span class="teststeppass-label">T </span>click on 'emailTxt.click'</div><div  class="teststeppass"><span class="teststeppass-label">T </span>sendKeys 'vdhuggis@gmail.com' into 'emailTxt.click'</div><div  class="teststeppass"><span class="teststeppass-label">T </span>wait until 'pwdTxt.click' to be visible</div><div  class="teststeppass"><span class="teststeppass-label">T </span>click on 'pwdTxt.click'</div><div  class="teststeppass"><span class="teststeppass-label">T </span>sendKeys 'Arjun@17' into 'pwdTxt.click'</div></div><div  class="teststeppass"><span class="teststeppass-label">T </span>Then navigate to search page</div><div style="display:block;margin-left:10px;"><div  class="teststeppass"><span class="teststeppass-label">T </span>click on 'recipe.search'</div><div  class="teststeppass"><span class="teststeppass-label">T </span>wait until 'recipetype.search' to be visible</div></div><div  class="teststeppass"><span class="teststeppass-label">T </span>Then search recipe 'breakfast pizza'</div><div style="display:block;margin-left:10px;"><div  class="teststeppass"><span class="teststeppass-label">T </span>click on 'recipetype.search'</div><div  class="teststeppass"><span class="teststeppass-label">T </span>sendKeys 'breakfast pizza' into 'recipetype.search'</div></div><div  class="teststeppass"><span class="teststeppass-label">T </span>Then select a recipe</div><div style="display:block;margin-left:10px;"><div  class="teststeppass"><span class="teststeppass-label">T </span>click on 'pizzaRecipeImg.click'</div></div><div  class="teststeppass"><span class="teststeppass-label">T </span>Then save a recipe</div><div style="display:block;margin-left:10px;"><div  class="teststeppass"><span class="teststeppass-label">T </span>click on 'saveReceipeBtn.click'</div></div><div  class="teststeppass"><span class="teststeppass-label">T </span>Then verify saved recipe msg for Reg User</div><div style="display:block;margin-left:10px;"><div  class="teststeppass"><span class="teststeppass-label">T </span>assert 'savedTxt.verify' is visible</div><div style="display:block;margin-left:10px;"><div  class="pass"><span class="pass-label">P </span>Expected verify saved message for Reg User visible : Actual verify saved message for Reg User visible <a href="../img/VerifySAVESButtonFunctionality_8jnoc2xya5258303.png" target="_blank">[View Screenshot]</a> </div></div></div></div>]]>
            </line>
          </reporter-output>
        </test-method> <!-- Verify SAVES Button functionality -->
        <test-method status="PASS" signature="afterMethod(org.testng.ITestContext, org.testng.ITestResult)[pri:0, instance:com.qmetry.qaf.automation.step.client.Scenario@3ed]" test-instance-name="Verify SAVES Button functionality" name="afterMethod" is-config="true" duration-ms="1" started-at="2020-05-05T10:54:59Z" finished-at="2020-05-05T10:54:59Z">
          <params>
            <param index="0">
              <value>
                <![CDATA[org.testng.TestRunner@63a65a25]]>
              </value>
            </param>
            <param index="1">
              <value>
                <![CDATA[[TestResult name=Verify SAVES Button functionality status=SUCCESS method=scenarios.smoketest.bdd.Verify SAVES Button functionality()[pri:1005, instance:com.qmetry.qaf.automation.step.client.Scenario@3ed] output=<div style="display:block;margin-left:10px;"><div  class="teststeppass"><span class="teststeppass-label">T </span>Given get '/'</div><div  class="teststeppass"><span class="teststeppass-label">T </span>When login as Reg User 'vdhuggis@gmail.com' 'Arjun@17'</div><div style="display:block;margin-left:10px;"><div  class="teststeppass"><span class="teststeppass-label">T </span>wait until 'logInBtn.click' to be visible</div><div  class="teststeppass"><span class="teststeppass-label">T </span>click on 'logInBtn.click'</div><div  class="teststeppass"><span class="teststeppass-label">T </span>wait until 'emailTxt.click' to be visible</div><div  class="teststeppass"><span class="teststeppass-label">T </span>click on 'emailTxt.click'</div><div  class="teststeppass"><span class="teststeppass-label">T </span>sendKeys 'vdhuggis@gmail.com' into 'emailTxt.click'</div><div  class="teststeppass"><span class="teststeppass-label">T </span>wait until 'pwdTxt.click' to be visible</div><div  class="teststeppass"><span class="teststeppass-label">T </span>click on 'pwdTxt.click'</div><div  class="teststeppass"><span class="teststeppass-label">T </span>sendKeys 'Arjun@17' into 'pwdTxt.click'</div></div><div  class="teststeppass"><span class="teststeppass-label">T </span>Then navigate to search page</div><div style="display:block;margin-left:10px;"><div  class="teststeppass"><span class="teststeppass-label">T </span>click on 'recipe.search'</div><div  class="teststeppass"><span class="teststeppass-label">T </span>wait until 'recipetype.search' to be visible</div></div><div  class="teststeppass"><span class="teststeppass-label">T </span>Then search recipe 'breakfast pizza'</div><div style="display:block;margin-left:10px;"><div  class="teststeppass"><span class="teststeppass-label">T </span>click on 'recipetype.search'</div><div  class="teststeppass"><span class="teststeppass-label">T </span>sendKeys 'breakfast pizza' into 'recipetype.search'</div></div><div  class="teststeppass"><span class="teststeppass-label">T </span>Then select a recipe</div><div style="display:block;margin-left:10px;"><div  class="teststeppass"><span class="teststeppass-label">T </span>click on 'pizzaRecipeImg.click'</div></div><div  class="teststeppass"><span class="teststeppass-label">T </span>Then save a recipe</div><div style="display:block;margin-left:10px;"><div  class="teststeppass"><span class="teststeppass-label">T </span>click on 'saveReceipeBtn.click'</div></div><div  class="teststeppass"><span class="teststeppass-label">T </span>Then verify saved recipe msg for Reg User</div><div style="display:block;margin-left:10px;"><div  class="teststeppass"><span class="teststeppass-label">T </span>assert 'savedTxt.verify' is visible</div><div style="display:block;margin-left:10px;"><div  class="pass"><span class="pass-label">P </span>Expected verify saved message for Reg User visible : Actual verify saved message for Reg User visible <a href="../img/VerifySAVESButtonFunctionality_8jnoc2xya5258303.png" target="_blank">[View Screenshot]</a> </div></div></div></div>]]]>
              </value>
            </param>
          </params>
          <reporter-output>
          </reporter-output>
        </test-method> <!-- afterMethod -->
        <test-method status="PASS" signature="afterClass(org.testng.ITestContext)[pri:0, instance:com.qmetry.qaf.automation.step.client.Scenario@3ed]" test-instance-name="Verify SAVES Button functionality" name="afterClass" is-config="true" duration-ms="0" started-at="2020-05-05T10:54:59Z" finished-at="2020-05-05T10:54:59Z">
          <params>
            <param index="0">
              <value>
                <![CDATA[org.testng.TestRunner@63a65a25]]>
              </value>
            </param>
          </params>
          <reporter-output>
          </reporter-output>
        </test-method> <!-- afterClass -->
        <test-method status="PASS" signature="afterTest(org.testng.ITestContext)[pri:0, instance:com.qmetry.qaf.automation.step.client.Scenario@3ed]" test-instance-name="verify Test Food Receipe Title" name="afterTest" is-config="true" duration-ms="114" started-at="2020-05-05T10:54:59Z" finished-at="2020-05-05T10:54:59Z">
          <params>
            <param index="0">
              <value>
                <![CDATA[org.testng.TestRunner@63a65a25]]>
              </value>
            </param>
          </params>
          <reporter-output>
          </reporter-output>
        </test-method> <!-- afterTest -->
        <test-method status="PASS" signature="afterSuit(org.testng.ITestContext)[pri:0, instance:com.qmetry.qaf.automation.step.client.Scenario@3ed]" test-instance-name="verify Test Food Receipe Title" name="afterSuit" is-config="true" duration-ms="2" started-at="2020-05-05T10:55:00Z" finished-at="2020-05-05T10:55:00Z">
          <params>
            <param index="0">
              <value>
                <![CDATA[org.testng.TestRunner@63a65a25]]>
              </value>
            </param>
          </params>
          <reporter-output>
          </reporter-output>
        </test-method> <!-- afterSuit -->
      </class> <!-- com.qmetry.qaf.automation.step.client.Scenario -->
    </test> <!-- BDD Test -->
  </suite> <!-- Food Recipe Automation -->
</testng-results>
