<?xml version="1.0" encoding="UTF-8"?>
<!-- Generated by org.testng.reporters.JUnitXMLReporter -->
<testsuite hostname="VaidhuSanthu" ignored="0" name="BDD Test" tests="6" failures="0" timestamp="05 May 2020 17:55:00 GMT" time="300.231" errors="0">
  <testcase name="verify Test Food Receipe Title" time="11.29" classname="com.qmetry.qaf.automation.step.client.Scenario"/>
  <testcase name="verify Save Recipe Action for Guest User" time="67.703" classname="com.qmetry.qaf.automation.step.client.Scenario"/>
  <testcase name="verify Review Recipe Action for Guest User" time="84.735" classname="com.qmetry.qaf.automation.step.client.Scenario"/>
  <testcase name="verify Search Results" time="24.715" classname="com.qmetry.qaf.automation.step.client.Scenario"/>
  <testcase name="verify Invalid Search" time="25.187" classname="com.qmetry.qaf.automation.step.client.Scenario"/>
  <testcase name="Verify SAVES Button functionality" time="86.153" classname="com.qmetry.qaf.automation.step.client.Scenario"/>
</testsuite> <!-- BDD Test -->
